2019-11-24 11:31:44 - PHP Warning:  mysqli::__construct(): (HY000/2002): No connection could be made because the target machine actively refused it.
 in D:\Xampp\htdocs\opencart\system\library\db\mysqli.php on line 7
2019-11-24 11:31:44 - PHP Warning:  DB\MySQLi::__construct(): Couldn't fetch mysqli in D:\Xampp\htdocs\opencart\system\library\db\mysqli.php on line 10
2019-11-24 11:31:44 - PHP Warning:  DB\MySQLi::__construct(): Couldn't fetch mysqli in D:\Xampp\htdocs\opencart\system\library\db\mysqli.php on line 10
2019-11-25 2:01:19 - PHP Warning:  mysqli::__construct(): (HY000/2002): A connection attempt failed because the connected party did not properly respond after a period of time, or established connection failed because connected host has failed to respond.
 in D:\Xampp\htdocs\opencart\system\library\db\mysqli.php on line 7
2019-11-25 2:01:19 - PHP Warning:  DB\MySQLi::__construct(): Couldn't fetch mysqli in D:\Xampp\htdocs\opencart\system\library\db\mysqli.php on line 10
2019-11-25 2:01:19 - PHP Warning:  DB\MySQLi::__construct(): Couldn't fetch mysqli in D:\Xampp\htdocs\opencart\system\library\db\mysqli.php on line 10
2019-11-25 2:02:52 - PHP Warning:  mysqli::__construct(): (HY000/2002): A connection attempt failed because the connected party did not properly respond after a period of time, or established connection failed because connected host has failed to respond.
 in D:\Xampp\htdocs\opencart\system\library\db\mysqli.php on line 7
2019-11-25 2:02:52 - PHP Warning:  DB\MySQLi::__construct(): Couldn't fetch mysqli in D:\Xampp\htdocs\opencart\system\library\db\mysqli.php on line 10
2019-11-25 2:02:52 - PHP Warning:  DB\MySQLi::__construct(): Couldn't fetch mysqli in D:\Xampp\htdocs\opencart\system\library\db\mysqli.php on line 10
2019-11-25 2:03:17 - PHP Warning:  mysqli::__construct(): (HY000/2002): A connection attempt failed because the connected party did not properly respond after a period of time, or established connection failed because connected host has failed to respond.
 in D:\Xampp\htdocs\opencart\system\library\db\mysqli.php on line 7
2019-11-25 2:03:17 - PHP Warning:  DB\MySQLi::__construct(): Couldn't fetch mysqli in D:\Xampp\htdocs\opencart\system\library\db\mysqli.php on line 10
2019-11-25 2:03:17 - PHP Warning:  DB\MySQLi::__construct(): Couldn't fetch mysqli in D:\Xampp\htdocs\opencart\system\library\db\mysqli.php on line 10
2019-11-25 2:04:29 - PHP Warning:  mysqli::__construct(): (HY000/2002): A connection attempt failed because the connected party did not properly respond after a period of time, or established connection failed because connected host has failed to respond.
 in D:\Xampp\htdocs\opencart\system\library\db\mysqli.php on line 7
2019-11-25 2:04:29 - PHP Warning:  DB\MySQLi::__construct(): Couldn't fetch mysqli in D:\Xampp\htdocs\opencart\system\library\db\mysqli.php on line 10
2019-11-25 2:04:29 - PHP Warning:  DB\MySQLi::__construct(): Couldn't fetch mysqli in D:\Xampp\htdocs\opencart\system\library\db\mysqli.php on line 10
2019-11-25 2:05:10 - PHP Warning:  mysqli::__construct(): (HY000/2002): A connection attempt failed because the connected party did not properly respond after a period of time, or established connection failed because connected host has failed to respond.
 in D:\Xampp\htdocs\opencart\system\library\db\mysqli.php on line 7
2019-11-25 2:05:10 - PHP Warning:  DB\MySQLi::__construct(): Couldn't fetch mysqli in D:\Xampp\htdocs\opencart\system\library\db\mysqli.php on line 10
2019-11-25 2:05:10 - PHP Warning:  DB\MySQLi::__construct(): Couldn't fetch mysqli in D:\Xampp\htdocs\opencart\system\library\db\mysqli.php on line 10
2019-11-25 2:05:39 - PHP Warning:  mysqli::__construct(): (HY000/2002): A connection attempt failed because the connected party did not properly respond after a period of time, or established connection failed because connected host has failed to respond.
 in D:\Xampp\htdocs\opencart\system\library\db\mysqli.php on line 7
2019-11-25 2:05:39 - PHP Warning:  DB\MySQLi::__construct(): Couldn't fetch mysqli in D:\Xampp\htdocs\opencart\system\library\db\mysqli.php on line 10
2019-11-25 2:05:39 - PHP Warning:  DB\MySQLi::__construct(): Couldn't fetch mysqli in D:\Xampp\htdocs\opencart\system\library\db\mysqli.php on line 10
2019-11-25 2:06:18 - PHP Warning:  mysqli::__construct(): (HY000/2002): A connection attempt failed because the connected party did not properly respond after a period of time, or established connection failed because connected host has failed to respond.
 in D:\Xampp\htdocs\opencart\system\library\db\mysqli.php on line 7
2019-11-25 2:06:18 - PHP Warning:  DB\MySQLi::__construct(): Couldn't fetch mysqli in D:\Xampp\htdocs\opencart\system\library\db\mysqli.php on line 10
2019-11-25 2:06:18 - PHP Warning:  DB\MySQLi::__construct(): Couldn't fetch mysqli in D:\Xampp\htdocs\opencart\system\library\db\mysqli.php on line 10
2019-11-25 2:06:51 - PHP Warning:  mysqli::__construct(): (HY000/2002): A connection attempt failed because the connected party did not properly respond after a period of time, or established connection failed because connected host has failed to respond.
 in D:\Xampp\htdocs\opencart\system\library\db\mysqli.php on line 7
2019-11-25 2:06:51 - PHP Warning:  DB\MySQLi::__construct(): Couldn't fetch mysqli in D:\Xampp\htdocs\opencart\system\library\db\mysqli.php on line 10
2019-11-25 2:06:51 - PHP Warning:  DB\MySQLi::__construct(): Couldn't fetch mysqli in D:\Xampp\htdocs\opencart\system\library\db\mysqli.php on line 10
2019-11-25 2:07:05 - PHP Warning:  mysqli::__construct(): (HY000/2002): A connection attempt failed because the connected party did not properly respond after a period of time, or established connection failed because connected host has failed to respond.
 in D:\Xampp\htdocs\opencart\system\library\db\mysqli.php on line 7
2019-11-25 2:07:05 - PHP Warning:  DB\MySQLi::__construct(): Couldn't fetch mysqli in D:\Xampp\htdocs\opencart\system\library\db\mysqli.php on line 10
2019-11-25 2:07:05 - PHP Warning:  DB\MySQLi::__construct(): Couldn't fetch mysqli in D:\Xampp\htdocs\opencart\system\library\db\mysqli.php on line 10
2019-11-25 2:09:12 - PHP Warning:  mysqli::__construct(): (HY000/2002): A connection attempt failed because the connected party did not properly respond after a period of time, or established connection failed because connected host has failed to respond.
 in D:\Xampp\htdocs\opencart\system\library\db\mysqli.php on line 7
2019-11-25 2:09:12 - PHP Warning:  DB\MySQLi::__construct(): Couldn't fetch mysqli in D:\Xampp\htdocs\opencart\system\library\db\mysqli.php on line 10
2019-11-25 2:09:12 - PHP Warning:  DB\MySQLi::__construct(): Couldn't fetch mysqli in D:\Xampp\htdocs\opencart\system\library\db\mysqli.php on line 10
2019-11-25 2:09:27 - PHP Warning:  mysqli::__construct(): (HY000/2002): A connection attempt failed because the connected party did not properly respond after a period of time, or established connection failed because connected host has failed to respond.
 in D:\Xampp\htdocs\opencart\system\library\db\mysqli.php on line 7
2019-11-25 2:09:27 - PHP Warning:  DB\MySQLi::__construct(): Couldn't fetch mysqli in D:\Xampp\htdocs\opencart\system\library\db\mysqli.php on line 10
2019-11-25 2:09:27 - PHP Warning:  DB\MySQLi::__construct(): Couldn't fetch mysqli in D:\Xampp\htdocs\opencart\system\library\db\mysqli.php on line 10
2019-11-25 2:09:41 - PHP Warning:  mysqli::__construct(): (HY000/2002): A connection attempt failed because the connected party did not properly respond after a period of time, or established connection failed because connected host has failed to respond.
 in D:\Xampp\htdocs\opencart\system\library\db\mysqli.php on line 7
2019-11-25 2:09:41 - PHP Warning:  DB\MySQLi::__construct(): Couldn't fetch mysqli in D:\Xampp\htdocs\opencart\system\library\db\mysqli.php on line 10
2019-11-25 2:09:41 - PHP Warning:  DB\MySQLi::__construct(): Couldn't fetch mysqli in D:\Xampp\htdocs\opencart\system\library\db\mysqli.php on line 10
2019-11-25 2:09:51 - PHP Warning:  mysqli::__construct(): (HY000/2002): A connection attempt failed because the connected party did not properly respond after a period of time, or established connection failed because connected host has failed to respond.
 in D:\Xampp\htdocs\opencart\system\library\db\mysqli.php on line 7
2019-11-25 2:09:51 - PHP Warning:  DB\MySQLi::__construct(): Couldn't fetch mysqli in D:\Xampp\htdocs\opencart\system\library\db\mysqli.php on line 10
2019-11-25 2:09:51 - PHP Warning:  DB\MySQLi::__construct(): Couldn't fetch mysqli in D:\Xampp\htdocs\opencart\system\library\db\mysqli.php on line 10
2019-11-25 2:09:57 - PHP Warning:  mysqli::__construct(): (HY000/2002): A connection attempt failed because the connected party did not properly respond after a period of time, or established connection failed because connected host has failed to respond.
 in D:\Xampp\htdocs\opencart\system\library\db\mysqli.php on line 7
2019-11-25 2:09:57 - PHP Warning:  DB\MySQLi::__construct(): Couldn't fetch mysqli in D:\Xampp\htdocs\opencart\system\library\db\mysqli.php on line 10
2019-11-25 2:09:57 - PHP Warning:  DB\MySQLi::__construct(): Couldn't fetch mysqli in D:\Xampp\htdocs\opencart\system\library\db\mysqli.php on line 10
2019-11-25 2:56:52 - PHP Warning:  unlink(D:/Xampp/htdocs/opencart/system/storage/cache/cache.catalog.language.1574654212): No such file or directory in D:\Xampp\htdocs\opencart\system\library\cache\file.php on line 68
2019-11-25 3:01:53 - PHP Warning:  mysqli::__construct(): (HY000/2002): A connection attempt failed because the connected party did not properly respond after a period of time, or established connection failed because connected host has failed to respond.
 in D:\Xampp\htdocs\opencart\system\library\db\mysqli.php on line 7
2019-11-25 3:01:53 - PHP Warning:  DB\MySQLi::__construct(): Couldn't fetch mysqli in D:\Xampp\htdocs\opencart\system\library\db\mysqli.php on line 10
2019-11-25 3:01:53 - PHP Warning:  DB\MySQLi::__construct(): Couldn't fetch mysqli in D:\Xampp\htdocs\opencart\system\library\db\mysqli.php on line 10
